CRITICAL - 2022-06-28 03:31:12 --> filesize(): stat failed for C:\xampp\htdocs\tradebox_main_v6.3\writable\session/ci_sessiong6hs5rgv2gl1b3mmtfrkmjsdhbct3aom
#0 [internal function]: CodeIgniter\Debug\Exceptions->errorHandler(2, 'filesize(): sta...', 'C:\\xampp\\htdocs...', 211, Array)
#1 C:\xampp\htdocs\tradebox_main_v6.3\system\Session\Handlers\FileHandler.php(211): filesize('C:\\xampp\\htdocs...')
#2 [internal function]: CodeIgniter\Session\Handlers\FileHandler->read('g6hs5rgv2gl1b3m...')
#3 C:\xampp\htdocs\tradebox_main_v6.3\system\Session\Session.php(1047): session_start()
#4 C:\xampp\htdocs\tradebox_main_v6.3\system\Session\Session.php(240): CodeIgniter\Session\Session->startSession()
#5 C:\xampp\htdocs\tradebox_main_v6.3\system\Config\Services.php(788): CodeIgniter\Session\Session->start()
#6 C:\xampp\htdocs\tradebox_main_v6.3\system\Config\BaseService.php(123): CodeIgniter\Config\Services::session(Object(Config\App), false)
#7 C:\xampp\htdocs\tradebox_main_v6.3\system\Config\Services.php(769): CodeIgniter\Config\BaseService::getSharedInstance('session', NULL)
#8 C:\xampp\htdocs\tradebox_main_v6.3\app\Modules\Website\Controllers\BaseController.php(63): CodeIgniter\Config\Services::session()
#9 C:\xampp\htdocs\tradebox_main_v6.3\system\CodeIgniter.php(899): App\Modules\Website\Controllers\BaseController->initController(Object(CodeIgniter\HTTP\IncomingRequest), Object(CodeIgniter\HTTP\Response), Object(CodeIgniter\Log\Logger))
#10 C:\xampp\htdocs\tradebox_main_v6.3\system\CodeIgniter.php(407): CodeIgniter\CodeIgniter->createController()
#11 C:\xampp\htdocs\tradebox_main_v6.3\system\CodeIgniter.php(320): CodeIgniter\CodeIgniter->handleRequest(NULL, Object(Config\Cache), false)
#12 C:\xampp\htdocs\tradebox_main_v6.3\index.php(64): CodeIgniter\CodeIgniter->run()
#13 {main}
CRITICAL - 2022-06-28 03:31:12 --> filesize(): stat failed for C:\xampp\htdocs\tradebox_main_v6.3\writable\session/ci_sessiong6hs5rgv2gl1b3mmtfrkmjsdhbct3aom
#0 [internal function]: CodeIgniter\Debug\Exceptions->errorHandler(2, 'filesize(): sta...', 'C:\\xampp\\htdocs...', 211, Array)
#1 C:\xampp\htdocs\tradebox_main_v6.3\system\Session\Handlers\FileHandler.php(211): filesize('C:\\xampp\\htdocs...')
#2 [internal function]: CodeIgniter\Session\Handlers\FileHandler->read('g6hs5rgv2gl1b3m...')
#3 C:\xampp\htdocs\tradebox_main_v6.3\system\Session\Session.php(1047): session_start()
#4 C:\xampp\htdocs\tradebox_main_v6.3\system\Session\Session.php(240): CodeIgniter\Session\Session->startSession()
#5 C:\xampp\htdocs\tradebox_main_v6.3\system\Config\Services.php(788): CodeIgniter\Session\Session->start()
#6 C:\xampp\htdocs\tradebox_main_v6.3\system\Config\BaseService.php(123): CodeIgniter\Config\Services::session(Object(Config\App), false)
#7 C:\xampp\htdocs\tradebox_main_v6.3\system\Config\Services.php(769): CodeIgniter\Config\BaseService::getSharedInstance('session', NULL)
#8 C:\xampp\htdocs\tradebox_main_v6.3\app\Modules\Website\Controllers\BaseController.php(63): CodeIgniter\Config\Services::session()
#9 C:\xampp\htdocs\tradebox_main_v6.3\system\CodeIgniter.php(899): App\Modules\Website\Controllers\BaseController->initController(Object(CodeIgniter\HTTP\IncomingRequest), Object(CodeIgniter\HTTP\Response), Object(CodeIgniter\Log\Logger))
#10 C:\xampp\htdocs\tradebox_main_v6.3\system\CodeIgniter.php(407): CodeIgniter\CodeIgniter->createController()
#11 C:\xampp\htdocs\tradebox_main_v6.3\system\CodeIgniter.php(320): CodeIgniter\CodeIgniter->handleRequest(NULL, Object(Config\Cache), false)
#12 C:\xampp\htdocs\tradebox_main_v6.3\index.php(64): CodeIgniter\CodeIgniter->run()
#13 {main}
